<?xml version="1.0" encoding="UTF-8"?>
<testng-results skipped="0" failed="0" total="2" passed="2">
  <reporter-output>
    <line>
      <![CDATA[application is ready to launch]]>
    </line>
    <line>
      <![CDATA[application is run]]>
    </line>
    <line>
      <![CDATA[browser is launching]]>
    </line>
    <line>
      <![CDATA[browser is running]]>
    </line>
    <line>
      <![CDATA[test is completed]]>
    </line>
    <line>
      <![CDATA[test is completed]]>
    </line>
    <line>
      <![CDATA[Test is about to end]]>
    </line>
  </reporter-output>
  <suite name="Default suite" duration-ms="14521" started-at="2019-12-22T07:50:04Z" finished-at="2019-12-22T07:50:18Z">
    <groups>
    </groups>
    <test name="Default test" duration-ms="14521" started-at="2019-12-22T07:50:04Z" finished-at="2019-12-22T07:50:18Z">
      <class name="Testcase.Testtogcr">
        <test-method status="PASS" signature="setSuite()[pri:0, instance:Testcase.Testtogcr@724af044]" name="setSuite" is-config="true" duration-ms="1290" started-at="2019-12-22T13:20:02Z" finished-at="2019-12-22T13:20:04Z">
          <reporter-output>
            <line>
              <![CDATA[application is ready to launch]]>
            </line>
            <line>
              <![CDATA[application is run]]>
            </line>
          </reporter-output>
        </test-method> <!-- setSuite -->
        <test-method status="PASS" signature="setup()[pri:0, instance:Testcase.Testtogcr@724af044]" name="setup" is-config="true" duration-ms="10115" started-at="2019-12-22T13:20:04Z" finished-at="2019-12-22T13:20:14Z">
          <reporter-output>
            <line>
              <![CDATA[browser is launching]]>
            </line>
            <line>
              <![CDATA[browser is running]]>
            </line>
          </reporter-output>
        </test-method> <!-- setup -->
        <test-method status="PASS" signature="launchapp()[pri:1, instance:Testcase.Testtogcr@724af044]" name="launchapp" duration-ms="1915" started-at="2019-12-22T13:20:14Z" finished-at="2019-12-22T13:20:16Z">
          <reporter-output>
          </reporter-output>
        </test-method> <!-- launchapp -->
        <test-method status="PASS" signature="getDateTime(org.testng.ITestResult)[pri:0, instance:Testcase.Testtogcr@724af044]" name="getDateTime" is-config="true" duration-ms="1261" started-at="2019-12-22T13:20:16Z" finished-at="2019-12-22T13:20:17Z">
          <params>
            <param index="0">
              <value>
                <![CDATA[[TestResult name=launchapp status=SUCCESS method=Testtogcr.launchapp()[pri:1, instance:Testcase.Testtogcr@724af044] output={null}]]]>
              </value>
            </param>
          </params>
          <reporter-output>
            <line>
              <![CDATA[test is completed]]>
            </line>
          </reporter-output>
        </test-method> <!-- getDateTime -->
        <test-method status="PASS" signature="closeapp()[pri:2, instance:Testcase.Testtogcr@724af044]" name="closeapp" duration-ms="5" started-at="2019-12-22T13:20:17Z" finished-at="2019-12-22T13:20:17Z">
          <reporter-output>
          </reporter-output>
        </test-method> <!-- closeapp -->
        <test-method status="PASS" signature="getDateTime(org.testng.ITestResult)[pri:0, instance:Testcase.Testtogcr@724af044]" name="getDateTime" is-config="true" duration-ms="512" started-at="2019-12-22T13:20:17Z" finished-at="2019-12-22T13:20:17Z">
          <params>
            <param index="0">
              <value>
                <![CDATA[[TestResult name=closeapp status=SUCCESS method=Testtogcr.closeapp()[pri:2, instance:Testcase.Testtogcr@724af044] output={null}]]]>
              </value>
            </param>
          </params>
          <reporter-output>
            <line>
              <![CDATA[test is completed]]>
            </line>
          </reporter-output>
        </test-method> <!-- getDateTime -->
        <test-method status="PASS" signature="setdown()[pri:0, instance:Testcase.Testtogcr@724af044]" name="setdown" is-config="true" duration-ms="675" started-at="2019-12-22T13:20:17Z" finished-at="2019-12-22T13:20:18Z">
          <reporter-output>
            <line>
              <![CDATA[Test is about to end]]>
            </line>
          </reporter-output>
        </test-method> <!-- setdown -->
      </class> <!-- Testcase.Testtogcr -->
    </test> <!-- Default test -->
  </suite> <!-- Default suite -->
</testng-results>
